<?xml version="1.0" encoding="UTF-8"?>
<!-- Generated by org.testng.reporters.JUnitXMLReporter -->
<testsuite ignored="0" hostname="DESKTOP-RD2NGH4" failures="0" tests="4" name="Test" time="0.081" errors="0" timestamp="2021-04-01T21:59:39 IST">
  <testcase classname="mavenproject.mavenjavaa.AppiumTest" name="IOSApp" time="0.01"/>
  <testcase classname="mavenproject.mavenjavaa.AppiumTest" name="nativeApp" time="0.002"/>
  <testcase classname="mavenproject.mavenjavaa.SeleniumTest" name="browserAutomation" time="0.004"/>
  <testcase classname="mavenproject.mavenjavaa.SeleniumTest" name="elementsUI" time="0.001"/>
</testsuite> <!-- Test -->
