<?xml version="1.0" encoding="UTF-8"?>
<testng-results ignored="0" total="4" passed="4" failed="0" skipped="0">
  <reporter-output>
  </reporter-output>
  <suite started-at="2021-04-01T21:59:39 IST" name="Suite" finished-at="2021-04-01T21:59:39 IST" duration-ms="81">
    <groups>
    </groups>
    <test started-at="2021-04-01T21:59:39 IST" name="Test" finished-at="2021-04-01T21:59:39 IST" duration-ms="81">
      <class name="mavenproject.mavenjavaa.AppiumTest">
        <test-method signature="IOSApp()[pri:0, instance:mavenproject.mavenjavaa.AppiumTest@1a482e36]" started-at="2021-04-01T21:59:39 IST" name="IOSApp" finished-at="2021-04-01T21:59:39 IST" duration-ms="10" status="PASS">
          <reporter-output>
          </reporter-output>
        </test-method> <!-- IOSApp -->
        <test-method signature="nativeApp()[pri:0, instance:mavenproject.mavenjavaa.AppiumTest@1a482e36]" started-at="2021-04-01T21:59:39 IST" name="nativeApp" finished-at="2021-04-01T21:59:39 IST" duration-ms="2" status="PASS">
          <reporter-output>
          </reporter-output>
        </test-method> <!-- nativeApp -->
      </class> <!-- mavenproject.mavenjavaa.AppiumTest -->
      <class name="mavenproject.mavenjavaa.SeleniumTest">
        <test-method signature="browserAutomation()[pri:0, instance:mavenproject.mavenjavaa.SeleniumTest@72967906]" started-at="2021-04-01T21:59:39 IST" name="browserAutomation" finished-at="2021-04-01T21:59:39 IST" duration-ms="4" status="PASS">
          <reporter-output>
          </reporter-output>
        </test-method> <!-- browserAutomation -->
        <test-method signature="elementsUI()[pri:0, instance:mavenproject.mavenjavaa.SeleniumTest@72967906]" started-at="2021-04-01T21:59:39 IST" name="elementsUI" finished-at="2021-04-01T21:59:39 IST" duration-ms="1" status="PASS">
          <reporter-output>
          </reporter-output>
        </test-method> <!-- elementsUI -->
      </class> <!-- mavenproject.mavenjavaa.SeleniumTest -->
    </test> <!-- Test -->
  </suite> <!-- Suite -->
</testng-results>
